2025-07-21 22:34:32 - SuvidhaChatbot - INFO - [banking] Loading FAISS index from data/banking_index.bin...
2025-07-21 22:34:32 - SuvidhaChatbot - INFO - [banking] FAISS index loaded successfully.
2025-07-21 22:34:32 - SuvidhaChatbot - INFO - [banking] Loading documents from data/banking_documents.pkl...
2025-07-21 22:34:32 - SuvidhaChatbot - INFO - [banking] Documents loaded successfully.
2025-07-21 22:34:32 - SuvidhaChatbot - INFO - [ecommerce] Loading FAISS index from data/ecommerce_index.bin...
2025-07-21 22:34:32 - SuvidhaChatbot - INFO - [ecommerce] FAISS index loaded successfully.
2025-07-21 22:34:32 - SuvidhaChatbot - INFO - [ecommerce] Loading documents from data/ecommerce_documents.pkl...
2025-07-21 22:34:32 - SuvidhaChatbot - INFO - [ecommerce] Documents loaded successfully.
2025-07-21 22:34:32 - SuvidhaChatbot - INFO - [medical] Loading FAISS index from data/medical_index.bin...
2025-07-21 22:34:32 - SuvidhaChatbot - INFO - [medical] FAISS index loaded successfully.
2025-07-21 22:34:32 - SuvidhaChatbot - INFO - [medical] Loading documents from data/medical_documents.pkl...
2025-07-21 22:34:32 - SuvidhaChatbot - INFO - [medical] Documents loaded successfully.
2025-09-16 23:14:16 - SuvidhaChatbot - INFO - [banking] Loading FAISS index from data/banking_index.bin...
2025-09-16 23:14:16 - SuvidhaChatbot - INFO - [banking] FAISS index loaded successfully.
2025-09-16 23:14:16 - SuvidhaChatbot - INFO - [banking] Loading documents from data/banking_documents.pkl...
2025-09-16 23:14:16 - SuvidhaChatbot - INFO - [banking] Documents loaded successfully.
2025-09-16 23:14:16 - SuvidhaChatbot - INFO - [ecommerce] Loading FAISS index from data/ecommerce_index.bin...
2025-09-16 23:14:16 - SuvidhaChatbot - INFO - [ecommerce] FAISS index loaded successfully.
2025-09-16 23:14:16 - SuvidhaChatbot - INFO - [ecommerce] Loading documents from data/ecommerce_documents.pkl...
2025-09-16 23:14:16 - SuvidhaChatbot - INFO - [ecommerce] Documents loaded successfully.
2025-09-16 23:14:16 - SuvidhaChatbot - INFO - [medical] Loading FAISS index from data/medical_index.bin...
2025-09-16 23:14:16 - SuvidhaChatbot - INFO - [medical] FAISS index loaded successfully.
2025-09-16 23:14:16 - SuvidhaChatbot - INFO - [medical] Loading documents from data/medical_documents.pkl...
2025-09-16 23:14:16 - SuvidhaChatbot - INFO - [medical] Documents loaded successfully.
2025-09-16 23:19:31 - SuvidhaChatbot - INFO - [banking] Loading FAISS index from data/banking_index.bin...
2025-09-16 23:19:31 - SuvidhaChatbot - INFO - [banking] FAISS index loaded successfully.
2025-09-16 23:19:31 - SuvidhaChatbot - INFO - [banking] Loading documents from data/banking_documents.pkl...
2025-09-16 23:19:31 - SuvidhaChatbot - INFO - [banking] Documents loaded successfully.
2025-09-16 23:19:31 - SuvidhaChatbot - INFO - [ecommerce] Loading FAISS index from data/ecommerce_index.bin...
2025-09-16 23:19:31 - SuvidhaChatbot - INFO - [ecommerce] FAISS index loaded successfully.
2025-09-16 23:19:31 - SuvidhaChatbot - INFO - [ecommerce] Loading documents from data/ecommerce_documents.pkl...
2025-09-16 23:19:31 - SuvidhaChatbot - INFO - [ecommerce] Documents loaded successfully.
2025-09-16 23:19:31 - SuvidhaChatbot - INFO - [medical] Loading FAISS index from data/medical_index.bin...
2025-09-16 23:19:31 - SuvidhaChatbot - INFO - [medical] FAISS index loaded successfully.
2025-09-16 23:19:31 - SuvidhaChatbot - INFO - [medical] Loading documents from data/medical_documents.pkl...
2025-09-16 23:19:31 - SuvidhaChatbot - INFO - [medical] Documents loaded successfully.
2025-09-16 23:21:38 - SuvidhaChatbot - INFO - [banking] Loading FAISS index from data/banking_index.bin...
2025-09-16 23:21:38 - SuvidhaChatbot - INFO - [banking] FAISS index loaded successfully.
2025-09-16 23:21:38 - SuvidhaChatbot - INFO - [banking] Loading documents from data/banking_documents.pkl...
2025-09-16 23:21:38 - SuvidhaChatbot - INFO - [banking] Documents loaded successfully.
2025-09-16 23:21:38 - SuvidhaChatbot - INFO - [ecommerce] Loading FAISS index from data/ecommerce_index.bin...
2025-09-16 23:21:38 - SuvidhaChatbot - INFO - [ecommerce] FAISS index loaded successfully.
2025-09-16 23:21:38 - SuvidhaChatbot - INFO - [ecommerce] Loading documents from data/ecommerce_documents.pkl...
2025-09-16 23:21:38 - SuvidhaChatbot - INFO - [ecommerce] Documents loaded successfully.
2025-09-16 23:21:38 - SuvidhaChatbot - INFO - [medical] Loading FAISS index from data/medical_index.bin...
2025-09-16 23:21:38 - SuvidhaChatbot - INFO - [medical] FAISS index loaded successfully.
2025-09-16 23:21:38 - SuvidhaChatbot - INFO - [medical] Loading documents from data/medical_documents.pkl...
2025-09-16 23:21:38 - SuvidhaChatbot - INFO - [medical] Documents loaded successfully.
2025-09-16 23:24:24 - SuvidhaChatbot - INFO - [banking] Loading FAISS index from data/banking_index.bin...
2025-09-16 23:24:24 - SuvidhaChatbot - INFO - [banking] FAISS index loaded successfully.
2025-09-16 23:24:24 - SuvidhaChatbot - INFO - [banking] Loading documents from data/banking_documents.pkl...
2025-09-16 23:24:24 - SuvidhaChatbot - INFO - [banking] Documents loaded successfully.
2025-09-16 23:24:24 - SuvidhaChatbot - INFO - [ecommerce] Loading FAISS index from data/ecommerce_index.bin...
2025-09-16 23:24:24 - SuvidhaChatbot - INFO - [ecommerce] FAISS index loaded successfully.
2025-09-16 23:24:24 - SuvidhaChatbot - INFO - [ecommerce] Loading documents from data/ecommerce_documents.pkl...
2025-09-16 23:24:24 - SuvidhaChatbot - INFO - [ecommerce] Documents loaded successfully.
2025-09-16 23:24:24 - SuvidhaChatbot - INFO - [medical] Loading FAISS index from data/medical_index.bin...
2025-09-16 23:24:24 - SuvidhaChatbot - INFO - [medical] FAISS index loaded successfully.
2025-09-16 23:24:24 - SuvidhaChatbot - INFO - [medical] Loading documents from data/medical_documents.pkl...
2025-09-16 23:24:24 - SuvidhaChatbot - INFO - [medical] Documents loaded successfully.
2025-09-16 23:27:20 - SuvidhaChatbot - INFO - [banking] Loading FAISS index from data/banking_index.bin...
2025-09-16 23:27:20 - SuvidhaChatbot - INFO - [banking] FAISS index loaded successfully.
2025-09-16 23:27:20 - SuvidhaChatbot - INFO - [banking] Loading documents from data/banking_documents.pkl...
2025-09-16 23:27:20 - SuvidhaChatbot - INFO - [banking] Documents loaded successfully.
2025-09-16 23:27:20 - SuvidhaChatbot - INFO - [ecommerce] Loading FAISS index from data/ecommerce_index.bin...
2025-09-16 23:27:20 - SuvidhaChatbot - INFO - [ecommerce] FAISS index loaded successfully.
2025-09-16 23:27:20 - SuvidhaChatbot - INFO - [ecommerce] Loading documents from data/ecommerce_documents.pkl...
2025-09-16 23:27:20 - SuvidhaChatbot - INFO - [ecommerce] Documents loaded successfully.
2025-09-16 23:27:20 - SuvidhaChatbot - INFO - [medical] Loading FAISS index from data/medical_index.bin...
2025-09-16 23:27:20 - SuvidhaChatbot - INFO - [medical] FAISS index loaded successfully.
2025-09-16 23:27:20 - SuvidhaChatbot - INFO - [medical] Loading documents from data/medical_documents.pkl...
2025-09-16 23:27:20 - SuvidhaChatbot - INFO - [medical] Documents loaded successfully.
